# JRE version: OpenJDK Runtime Environment (8.0_111-b16) (build 1.8.0_111-b16)
# Java VM: OpenJDK 64-Bit Server VM (25.111-b16 mixed mode linux-amd64 compressed oops)
Heap:
 garbage-first heap   total 262144K, used 137728K [0x00000000c0000000, 0x00000000c0100800, 0x0000000100000000)
  region size 1024K, 74 young (75776K), 3 survivors (3072K)
 Metaspace       used 64219K, capacity 69766K, committed 69964K, reserved 1110016K
  class space    used 7527K, capacity 9182K, committed 9292K, reserved 1048576K
GC Heap History (10 events):
Event: 1.459 GC heap before
{Heap before GC invocations=4 (full 0):
 garbage-first heap   total 262144K, used 45568K [0x00000000c0000000, 0x00000000c0100800, 0x0000000100000000)
  region size 1024K, 23 young (23552K), 2 survivors (2048K)
 Metaspace       used 13408K, capacity 14342K, committed 14592K, reserved 1062912K
  class space    used 1304K, capacity 1499K, committed 1536K, reserved 1048576K
Event: 1.473 GC heap after
Heap after GC invocations=5 (full 0):
 garbage-first heap   total 262144K, used 30208K [0x00000000c0000000, 0x00000000c0100800, 0x0000000100000000)
  region size 1024K, 3 young (3072K), 3 survivors (3072K)
 Metaspace       used 13408K, capacity 14342K, committed 14592K, reserved 1062912K
  class space    used 1304K, capacity 1499K, committed 1536K, reserved 1048576K
}
Event: 2.551 GC heap before
{Heap before GC invocations=5 (full 0):
 garbage-first heap   total 262144K, used 116961K [0x00000000c0000000, 0x00000000c0100800, 0x0000000100000000)
  region size 1024K, 33 young (33792K), 3 survivors (3072K)
 Metaspace       used 18099K, capacity 19784K, committed 19968K, reserved 1067008K
  class space    used 1723K, capacity 2217K, committed 2304K, reserved 1048576K
Event: 2.559 GC heap after
Heap after GC invocations=6 (full 0):
 garbage-first heap   total 262144K, used 36283K [0x00000000c0000000, 0x00000000c0100800, 0x0000000100000000)
  region size 1024K, 7 young (7168K), 7 survivors (7168K)
 Metaspace       used 18099K, capacity 19784K, committed 19968K, reserved 1067008K
  class space    used 1723K, capacity 2217K, committed 2304K, reserved 1048576K
}
Event: 5.720 GC heap before
{Heap before GC invocations=7 (full 0):
 garbage-first heap   total 262144K, used 78574K [0x00000000c0000000, 0x00000000c0100800, 0x0000000100000000)
  region size 1024K, 48 young (49152K), 7 survivors (7168K)
 Metaspace       used 30273K, capacity 33176K, committed 33280K, reserved 1079296K
  class space    used 3452K, capacity 4276K, committed 4352K, reserved 1048576K
Event: 5.749 GC heap after
Heap after GC invocations=8 (full 0):
 garbage-first heap   total 262144K, used 41471K [0x00000000c0000000, 0x00000000c0100800, 0x0000000100000000)
  region size 1024K, 19 young (19456K), 19 survivors (19456K)
 Metaspace       used 30273K, capacity 33176K, committed 33280K, reserved 1079296K
  class space    used 3452K, capacity 4276K, committed 4352K, reserved 1048576K
}
Event: 8.773 GC heap before
{Heap before GC invocations=9 (full 0):
 garbage-first heap   total 262144K, used 175125K [0x00000000c0000000, 0x00000000c0100800, 0x0000000100000000)
  region size 1024K, 150 young (153600K), 19 survivors (19456K)
 Metaspace       used 51088K, capacity 56340K, committed 56448K, reserved 1097728K
  class space    used 5892K, capacity 7485K, committed 7552K, reserved 1048576K
Event: 8.829 GC heap after
Heap after GC invocations=10 (full 0):
 garbage-first heap   total 262144K, used 62873K [0x00000000c0000000, 0x00000000c0100800, 0x0000000100000000)
  region size 1024K, 20 young (20480K), 20 survivors (20480K)
 Metaspace       used 51088K, capacity 56340K, committed 56448K, reserved 1097728K
  class space    used 5892K, capacity 7485K, committed 7552K, reserved 1048576K
}
Event: 8.918 GC heap before
{Heap before GC invocations=10 (full 0):
 garbage-first heap   total 262144K, used 66969K [0x00000000c0000000, 0x00000000c0100800, 0x0000000100000000)
  region size 1024K, 24 young (24576K), 20 survivors (20480K)
 Metaspace       used 51523K, capacity 56756K, committed 57036K, reserved 1099776K
  class space    used 5949K, capacity 7581K, committed 7628K, reserved 1048576K
Event: 8.949 GC heap after
Heap after GC invocations=11 (full 0):
 garbage-first heap   total 262144K, used 65536K [0x00000000c0000000, 0x00000000c0100800, 0x0000000100000000)
  region size 1024K, 3 young (3072K), 3 survivors (3072K)
 Metaspace       used 51523K, capacity 56756K, committed 57036K, reserved 1099776K
  class space    used 5949K, capacity 7581K, committed 7628K, reserved 1048576K
}

